This is pdfTeX, Version 3.141592653-2.6-1.40.27 (TeX Live 2025) (preloaded format=pdflatex 2025.4.19)  16 JUN 2025 22:57
entering extended mode
 restricted \write18 enabled.
 %&-line parsing enabled.
**/Users/kamilgolawski/Developer/licencjat/main.tex
(/Users/kamilgolawski/Developer/licencjat/main.tex
LaTeX2e <2024-11-01> patch level 2
L3 programming layer <2025-01-18>
(/usr/local/texlive/2025/texmf-dist/tex/latex/base/book.cls
Document Class: book 2024/06/29 v1.4n Standard LaTeX document class
(/usr/local/texlive/2025/texmf-dist/tex/latex/base/bk12.clo
File: bk12.clo 2024/06/29 v1.4n Standard LaTeX file (size option)
)
\c@part=\count196
\c@chapter=\count197
\c@section=\count198
\c@subsection=\count199
\c@subsubsection=\count266
\c@paragraph=\count267
\c@subparagraph=\count268
\c@figure=\count269
\c@table=\count270
\abovecaptionskip=\skip49
\belowcaptionskip=\skip50
\bibindent=\dimen141
)
(/usr/local/texlive/2025/texmf-dist/tex/latex/polski/polski.sty
Package: polski 2021/08/25 v1.3.6 Polish language package

(/usr/local/texlive/2025/texmf-dist/tex/latex/base/ot4enc.def
File: ot4enc.def 2021/04/29 v2.0v Standard LaTeX file
Now handling font encoding OT4 ...
... no UTF-8 mapping file for font encoding OT4
)
LaTeX Font Info:    Overwriting math alphabet `\mathbf' in version `normal'
(Font)                  OT1/cmr/bx/n --> OT4/cmr/bx/n on input line 326.
LaTeX Font Info:    Overwriting math alphabet `\mathsf' in version `normal'
(Font)                  OT1/cmss/m/n --> OT4/cmss/m/n on input line 326.
LaTeX Font Info:    Overwriting math alphabet `\mathit' in version `normal'
(Font)                  OT1/cmr/m/it --> OT4/cmr/m/it on input line 326.
LaTeX Font Info:    Overwriting math alphabet `\mathtt' in version `normal'
(Font)                  OT1/cmtt/m/n --> OT4/cmtt/m/n on input line 326.
LaTeX Font Info:    Overwriting math alphabet `\mathsf' in version `bold'
(Font)                  OT1/cmss/bx/n --> OT4/cmss/bx/n on input line 326.
LaTeX Font Info:    Overwriting math alphabet `\mathit' in version `bold'
(Font)                  OT1/cmr/bx/it --> OT4/cmr/bx/it on input line 326.
LaTeX Font Info:    Encoding `OT1' has changed to `OT4' for symbol font
(Font)              `operators' in the math version `normal' on input line 326.

LaTeX Font Info:    Overwriting symbol font `operators' in version `normal'
(Font)                  OT1/cmr/m/n --> OT4/cmr/m/n on input line 326.
LaTeX Font Info:    Overwriting symbol font `letters' in version `normal'
(Font)                  OML/cmm/m/it --> OML/plm/m/it on input line 326.
LaTeX Font Info:    Overwriting symbol font `symbols' in version `normal'
(Font)                  OMS/cmsy/m/n --> OMS/plsy/m/n on input line 326.
LaTeX Font Info:    Overwriting symbol font `largesymbols' in version `normal'
(Font)                  OMX/cmex/m/n --> OMX/plex/m/n on input line 326.
LaTeX Font Info:    Encoding `OT1' has changed to `OT4' for symbol font
(Font)              `operators' in the math version `bold' on input line 326.
LaTeX Font Info:    Overwriting symbol font `operators' in version `bold'
(Font)                  OT1/cmr/bx/n --> OT4/cmr/bx/n on input line 326.
LaTeX Font Info:    Overwriting symbol font `letters' in version `bold'
(Font)                  OML/cmm/b/it --> OML/plm/b/it on input line 326.
LaTeX Font Info:    Overwriting symbol font `symbols' in version `bold'
(Font)                  OMS/cmsy/b/n --> OMS/plsy/b/n on input line 326.
)
(/usr/local/texlive/2025/texmf-dist/tex/latex/base/inputenc.sty
Package: inputenc 2024/02/08 v1.3d Input encoding file
\inpenc@prehook=\toks17
\inpenc@posthook=\toks18
)
(/usr/local/texlive/2025/texmf-dist/tex/latex/fancyhdr/fancyhdr.sty
Package: fancyhdr 2025/02/07 v5.2 Extensive control of page headers and footers

\f@nch@headwidth=\skip51
\f@nch@offset@elh=\skip52
\f@nch@offset@erh=\skip53
\f@nch@offset@olh=\skip54
\f@nch@offset@orh=\skip55
\f@nch@offset@elf=\skip56
\f@nch@offset@erf=\skip57
\f@nch@offset@olf=\skip58
\f@nch@offset@orf=\skip59
\f@nch@height=\skip60
\f@nch@footalignment=\skip61
\f@nch@widthL=\skip62
\f@nch@widthC=\skip63
\f@nch@widthR=\skip64
\@temptokenb=\toks19
)
(/usr/local/texlive/2025/texmf-dist/tex/latex/tools/indentfirst.sty
Package: indentfirst 2023/07/02 v1.03 Indent first paragraph (DPC)
)
(/usr/local/texlive/2025/texmf-dist/tex/latex/graphics/graphicx.sty
Package: graphicx 2021/09/16 v1.2d Enhanced LaTeX Graphics (DPC,SPQR)

(/usr/local/texlive/2025/texmf-dist/tex/latex/graphics/keyval.sty
Package: keyval 2022/05/29 v1.15 key=value parser (DPC)
\KV@toks@=\toks20
)
(/usr/local/texlive/2025/texmf-dist/tex/latex/graphics/graphics.sty
Package: graphics 2024/08/06 v1.4g Standard LaTeX Graphics (DPC,SPQR)

(/usr/local/texlive/2025/texmf-dist/tex/latex/graphics/trig.sty
Package: trig 2023/12/02 v1.11 sin cos tan (DPC)
)
(/usr/local/texlive/2025/texmf-dist/tex/latex/graphics-cfg/graphics.cfg
File: graphics.cfg 2016/06/04 v1.11 sample graphics configuration
)
Package graphics Info: Driver file: pdftex.def on input line 106.

(/usr/local/texlive/2025/texmf-dist/tex/latex/graphics-def/pdftex.def
File: pdftex.def 2024/04/13 v1.2c Graphics/color driver for pdftex
))
\Gin@req@height=\dimen142
\Gin@req@width=\dimen143
)
(/usr/local/texlive/2025/texmf-dist/tex/latex/amsfonts/amsfonts.sty
Package: amsfonts 2013/01/14 v3.01 Basic AMSFonts support
\@emptytoks=\toks21
\symAMSa=\mathgroup4
\symAMSb=\mathgroup5
LaTeX Font Info:    Redeclaring math symbol \hbar on input line 98.
LaTeX Font Info:    Overwriting math alphabet `\mathfrak' in version `bold'
(Font)                  U/euf/m/n --> U/euf/b/n on input line 106.
)
(/usr/local/texlive/2025/texmf-dist/tex/latex/amsmath/amsmath.sty
Package: amsmath 2024/11/05 v2.17t AMS math features
\@mathmargin=\skip65

For additional information on amsmath, use the `?' option.
(/usr/local/texlive/2025/texmf-dist/tex/latex/amsmath/amstext.sty
Package: amstext 2021/08/26 v2.01 AMS text

(/usr/local/texlive/2025/texmf-dist/tex/latex/amsmath/amsgen.sty
File: amsgen.sty 1999/11/30 v2.0 generic functions
\@emptytoks=\toks22
\ex@=\dimen144
))
(/usr/local/texlive/2025/texmf-dist/tex/latex/amsmath/amsbsy.sty
Package: amsbsy 1999/11/29 v1.2d Bold Symbols
\pmbraise@=\dimen145
)
(/usr/local/texlive/2025/texmf-dist/tex/latex/amsmath/amsopn.sty
Package: amsopn 2022/04/08 v2.04 operator names
)
\inf@bad=\count271
LaTeX Info: Redefining \frac on input line 233.
\uproot@=\count272
\leftroot@=\count273
LaTeX Info: Redefining \overline on input line 398.
LaTeX Info: Redefining \colon on input line 409.
\classnum@=\count274
\DOTSCASE@=\count275
LaTeX Info: Redefining \ldots on input line 495.
LaTeX Info: Redefining \dots on input line 498.
LaTeX Info: Redefining \cdots on input line 619.
\Mathstrutbox@=\box52
\strutbox@=\box53
LaTeX Info: Redefining \big on input line 721.
LaTeX Info: Redefining \Big on input line 722.
LaTeX Info: Redefining \bigg on input line 723.
LaTeX Info: Redefining \Bigg on input line 724.
\big@size=\dimen146
LaTeX Font Info:    Redeclaring font encoding OML on input line 742.
LaTeX Font Info:    Redeclaring font encoding OMS on input line 743.
\macc@depth=\count276
LaTeX Info: Redefining \bmod on input line 904.
LaTeX Info: Redefining \pmod on input line 909.
LaTeX Info: Redefining \smash on input line 939.
LaTeX Info: Redefining \relbar on input line 969.
LaTeX Info: Redefining \Relbar on input line 970.
\c@MaxMatrixCols=\count277
\dotsspace@=\muskip17
\c@parentequation=\count278
\dspbrk@lvl=\count279
\tag@help=\toks23
\row@=\count280
\column@=\count281
\maxfields@=\count282
\andhelp@=\toks24
\eqnshift@=\dimen147
\alignsep@=\dimen148
\tagshift@=\dimen149
\tagwidth@=\dimen150
\totwidth@=\dimen151
\lineht@=\dimen152
\@envbody=\toks25
\multlinegap=\skip66
\multlinetaggap=\skip67
\mathdisplay@stack=\toks26
LaTeX Info: Redefining \[ on input line 2953.
LaTeX Info: Redefining \] on input line 2954.
)
(/usr/local/texlive/2025/texmf-dist/tex/latex/amsfonts/amssymb.sty
Package: amssymb 2013/01/14 v3.01 AMS font symbols
)
(/usr/local/texlive/2025/texmf-dist/tex/latex/amscls/amsthm.sty
Package: amsthm 2020/05/29 v2.20.6
\thm@style=\toks27
\thm@bodyfont=\toks28
\thm@headfont=\toks29
\thm@notefont=\toks30
\thm@headpunct=\toks31
\thm@preskip=\skip68
\thm@postskip=\skip69
\thm@headsep=\skip70
\dth@everypar=\toks32
)
(/usr/local/texlive/2025/texmf-dist/tex/latex/enumitem/enumitem.sty
Package: enumitem 2025/02/06 v3.11 Customized lists
\labelindent=\skip71
\enit@outerparindent=\dimen153
\enit@toks=\toks33
\enit@inbox=\box54
\enit@count@id=\count283
\enitdp@description=\count284
)
(/usr/local/texlive/2025/texmf-dist/tex/latex/geometry/geometry.sty
Package: geometry 2020/01/02 v5.9 Page Geometry

(/usr/local/texlive/2025/texmf-dist/tex/generic/iftex/ifvtex.sty
Package: ifvtex 2019/10/25 v1.7 ifvtex legacy package. Use iftex instead.

(/usr/local/texlive/2025/texmf-dist/tex/generic/iftex/iftex.sty
Package: iftex 2024/12/12 v1.0g TeX engine tests
))
\Gm@cnth=\count285
\Gm@cntv=\count286
\c@Gm@tempcnt=\count287
\Gm@bindingoffset=\dimen154
\Gm@wd@mp=\dimen155
\Gm@odd@mp=\dimen156
\Gm@even@mp=\dimen157
\Gm@layoutwidth=\dimen158
\Gm@layoutheight=\dimen159
\Gm@layouthoffset=\dimen160
\Gm@layoutvoffset=\dimen161
\Gm@dimlist=\toks34
)
(/usr/local/texlive/2025/texmf-dist/tex/latex/float/float.sty
Package: float 2001/11/08 v1.3d Float enhancements (AL)
\c@float@type=\count288
\float@exts=\toks35
\float@box=\box55
\@float@everytoks=\toks36
\@floatcapt=\box56
)
(/usr/local/texlive/2025/texmf-dist/tex/latex/caption/caption.sty
Package: caption 2023/08/05 v3.6o Customizing captions (AR)

(/usr/local/texlive/2025/texmf-dist/tex/latex/caption/caption3.sty
Package: caption3 2023/07/31 v2.4d caption3 kernel (AR)
\caption@tempdima=\dimen162
\captionmargin=\dimen163
\caption@leftmargin=\dimen164
\caption@rightmargin=\dimen165
\caption@width=\dimen166
\caption@indent=\dimen167
\caption@parindent=\dimen168
\caption@hangindent=\dimen169
Package caption Info: Standard document class detected.
)
\c@caption@flags=\count289
\c@continuedfloat=\count290
Package caption Info: float package is loaded.
)
(/usr/local/texlive/2025/texmf-dist/tex/latex/hyperref/hyperref.sty
Package: hyperref 2024-11-05 v7.01l Hypertext links for LaTeX

(/usr/local/texlive/2025/texmf-dist/tex/latex/kvsetkeys/kvsetkeys.sty
Package: kvsetkeys 2022-10-05 v1.19 Key value parser (HO)
)
(/usr/local/texlive/2025/texmf-dist/tex/generic/kvdefinekeys/kvdefinekeys.sty
Package: kvdefinekeys 2019-12-19 v1.6 Define keys (HO)
)
(/usr/local/texlive/2025/texmf-dist/tex/generic/pdfescape/pdfescape.sty
Package: pdfescape 2019/12/09 v1.15 Implements pdfTeX's escape features (HO)

(/usr/local/texlive/2025/texmf-dist/tex/generic/ltxcmds/ltxcmds.sty
Package: ltxcmds 2023-12-04 v1.26 LaTeX kernel commands for general use (HO)
)
(/usr/local/texlive/2025/texmf-dist/tex/generic/pdftexcmds/pdftexcmds.sty
Package: pdftexcmds 2020-06-27 v0.33 Utility functions of pdfTeX for LuaTeX (HO
)

(/usr/local/texlive/2025/texmf-dist/tex/generic/infwarerr/infwarerr.sty
Package: infwarerr 2019/12/03 v1.5 Providing info/warning/error messages (HO)
)
Package pdftexcmds Info: \pdf@primitive is available.
Package pdftexcmds Info: \pdf@ifprimitive is available.
Package pdftexcmds Info: \pdfdraftmode found.
))
(/usr/local/texlive/2025/texmf-dist/tex/latex/hycolor/hycolor.sty
Package: hycolor 2020-01-27 v1.10 Color options for hyperref/bookmark (HO)
)
(/usr/local/texlive/2025/texmf-dist/tex/latex/hyperref/nameref.sty
Package: nameref 2023-11-26 v2.56 Cross-referencing by name of section

(/usr/local/texlive/2025/texmf-dist/tex/latex/refcount/refcount.sty
Package: refcount 2019/12/15 v3.6 Data extraction from label references (HO)
)
(/usr/local/texlive/2025/texmf-dist/tex/generic/gettitlestring/gettitlestring.s
ty
Package: gettitlestring 2019/12/15 v1.6 Cleanup title references (HO)
 (/usr/local/texlive/2025/texmf-dist/tex/latex/kvoptions/kvoptions.sty
Package: kvoptions 2022-06-15 v3.15 Key value format for package options (HO)
))
\c@section@level=\count291
)
(/usr/local/texlive/2025/texmf-dist/tex/latex/etoolbox/etoolbox.sty
Package: etoolbox 2025/02/11 v2.5l e-TeX tools for LaTeX (JAW)
\etb@tempcnta=\count292
)
(/usr/local/texlive/2025/texmf-dist/tex/generic/stringenc/stringenc.sty
Package: stringenc 2019/11/29 v1.12 Convert strings between diff. encodings (HO
)
)
\@linkdim=\dimen170
\Hy@linkcounter=\count293
\Hy@pagecounter=\count294

(/usr/local/texlive/2025/texmf-dist/tex/latex/hyperref/pd1enc.def
File: pd1enc.def 2024-11-05 v7.01l Hyperref: PDFDocEncoding definition (HO)
Now handling font encoding PD1 ...
... no UTF-8 mapping file for font encoding PD1
)
(/usr/local/texlive/2025/texmf-dist/tex/generic/intcalc/intcalc.sty
Package: intcalc 2019/12/15 v1.3 Expandable calculations with integers (HO)
)
\Hy@SavedSpaceFactor=\count295

(/usr/local/texlive/2025/texmf-dist/tex/latex/hyperref/puenc.def
File: puenc.def 2024-11-05 v7.01l Hyperref: PDF Unicode definition (HO)
Now handling font encoding PU ...
... no UTF-8 mapping file for font encoding PU
)
Package hyperref Info: Option `colorlinks' set `true' on input line 4040.
Package hyperref Info: Hyper figures OFF on input line 4157.
Package hyperref Info: Link nesting OFF on input line 4162.
Package hyperref Info: Hyper index ON on input line 4165.
Package hyperref Info: Plain pages OFF on input line 4172.
Package hyperref Info: Backreferencing OFF on input line 4177.
Package hyperref Info: Implicit mode ON; LaTeX internals redefined.
Package hyperref Info: Bookmarks ON on input line 4424.
\c@Hy@tempcnt=\count296

(/usr/local/texlive/2025/texmf-dist/tex/latex/url/url.sty
\Urlmuskip=\muskip18
Package: url 2013/09/16  ver 3.4  Verb mode for urls, etc.
)
LaTeX Info: Redefining \url on input line 4763.
\XeTeXLinkMargin=\dimen171

(/usr/local/texlive/2025/texmf-dist/tex/generic/bitset/bitset.sty
Package: bitset 2019/12/09 v1.3 Handle bit-vector datatype (HO)

(/usr/local/texlive/2025/texmf-dist/tex/generic/bigintcalc/bigintcalc.sty
Package: bigintcalc 2019/12/15 v1.5 Expandable calculations on big integers (HO
)
))
\Fld@menulength=\count297
\Field@Width=\dimen172
\Fld@charsize=\dimen173
Package hyperref Info: Hyper figures OFF on input line 6042.
Package hyperref Info: Link nesting OFF on input line 6047.
Package hyperref Info: Hyper index ON on input line 6050.
Package hyperref Info: backreferencing OFF on input line 6057.
Package hyperref Info: Link coloring ON on input line 6060.
Package hyperref Info: Link coloring with OCG OFF on input line 6067.
Package hyperref Info: PDF/A mode OFF on input line 6072.

(/usr/local/texlive/2025/texmf-dist/tex/latex/base/atbegshi-ltx.sty
Package: atbegshi-ltx 2021/01/10 v1.0c Emulation of the original atbegshi
package with kernel methods
)
\Hy@abspage=\count298
\c@Item=\count299
\c@Hfootnote=\count300
)
Package hyperref Info: Driver (autodetected): hpdftex.

(/usr/local/texlive/2025/texmf-dist/tex/latex/hyperref/hpdftex.def
File: hpdftex.def 2024-11-05 v7.01l Hyperref driver for pdfTeX

(/usr/local/texlive/2025/texmf-dist/tex/latex/base/atveryend-ltx.sty
Package: atveryend-ltx 2020/08/19 v1.0a Emulation of the original atveryend pac
kage
with kernel methods
)
\Fld@listcount=\count301
\c@bookmark@seq@number=\count302

(/usr/local/texlive/2025/texmf-dist/tex/latex/rerunfilecheck/rerunfilecheck.sty
Package: rerunfilecheck 2022-07-10 v1.10 Rerun checks for auxiliary files (HO)

(/usr/local/texlive/2025/texmf-dist/tex/generic/uniquecounter/uniquecounter.sty
Package: uniquecounter 2019/12/15 v1.4 Provide unlimited unique counter (HO)
)
Package uniquecounter Info: New unique counter `rerunfilecheck' on input line 2
85.
)
\Hy@SectionHShift=\skip72
) (/usr/local/texlive/2025/texmf-dist/tex/latex/listings/listings.sty
\lst@mode=\count303
\lst@gtempboxa=\box57
\lst@token=\toks37
\lst@length=\count304
\lst@currlwidth=\dimen174
\lst@column=\count305
\lst@pos=\count306
\lst@lostspace=\dimen175
\lst@width=\dimen176
\lst@newlines=\count307
\lst@lineno=\count308
\lst@maxwidth=\dimen177

(/usr/local/texlive/2025/texmf-dist/tex/latex/listings/lstpatch.sty
File: lstpatch.sty 2024/09/23 1.10c (Carsten Heinz)
)
(/usr/local/texlive/2025/texmf-dist/tex/latex/listings/lstmisc.sty
File: lstmisc.sty 2024/09/23 1.10c (Carsten Heinz)
\c@lstnumber=\count309
\lst@skipnumbers=\count310
\lst@framebox=\box58
)
(/usr/local/texlive/2025/texmf-dist/tex/latex/listings/listings.cfg
File: listings.cfg 2024/09/23 1.10c listings configuration
))
Package: listings 2024/09/23 1.10c (Carsten Heinz)
\@float@every@lstfloat=\toks38
\c@lstfloat=\count311

(/usr/local/texlive/2025/texmf-dist/tex/latex/l3backend/l3backend-pdftex.def
File: l3backend-pdftex.def 2024-05-08 L3 backend support: PDF output (pdfTeX)
\l__color_backend_stack_int=\count312
\l__pdf_internal_box=\box59
)
(./main.aux)
\openout1 = `main.aux'.

LaTeX Font Info:    Checking defaults for OML/cmm/m/it on input line 65.
LaTeX Font Info:    ... okay on input line 65.
LaTeX Font Info:    Checking defaults for OMS/cmsy/m/n on input line 65.
LaTeX Font Info:    ... okay on input line 65.
LaTeX Font Info:    Checking defaults for OT1/cmr/m/n on input line 65.
LaTeX Font Info:    ... okay on input line 65.
LaTeX Font Info:    Checking defaults for T1/cmr/m/n on input line 65.
LaTeX Font Info:    ... okay on input line 65.
LaTeX Font Info:    Checking defaults for TS1/cmr/m/n on input line 65.
LaTeX Font Info:    ... okay on input line 65.
LaTeX Font Info:    Checking defaults for OMX/cmex/m/n on input line 65.
LaTeX Font Info:    ... okay on input line 65.
LaTeX Font Info:    Checking defaults for U/cmr/m/n on input line 65.
LaTeX Font Info:    ... okay on input line 65.
LaTeX Font Info:    Checking defaults for OT4/cmr/m/n on input line 65.
LaTeX Font Info:    Trying to load font information for OT4+cmr on input line 6
5.
 (/usr/local/texlive/2025/texmf-dist/tex/latex/polski/ot4cmr.fd
File: ot4cmr.fd 2008/02/24 v1.2.1 Font defs for fonts PL (MW)
)
LaTeX Font Info:    ... okay on input line 65.
LaTeX Font Info:    Checking defaults for PD1/pdf/m/n on input line 65.
LaTeX Font Info:    ... okay on input line 65.
LaTeX Font Info:    Checking defaults for PU/pdf/m/n on input line 65.
LaTeX Font Info:    ... okay on input line 65.

(/usr/local/texlive/2025/texmf-dist/tex/context/base/mkii/supp-pdf.mkii
[Loading MPS to PDF converter (version 2006.09.02).]
\scratchcounter=\count313
\scratchdimen=\dimen178
\scratchbox=\box60
\nofMPsegments=\count314
\nofMParguments=\count315
\everyMPshowfont=\toks39
\MPscratchCnt=\count316
\MPscratchDim=\dimen179
\MPnumerator=\count317
\makeMPintoPDFobject=\count318
\everyMPtoPDFconversion=\toks40
) (/usr/local/texlive/2025/texmf-dist/tex/latex/epstopdf-pkg/epstopdf-base.sty
Package: epstopdf-base 2020-01-24 v2.11 Base part for package epstopdf
Package epstopdf-base Info: Redefining graphics rule for `.eps' on input line 4
85.

(/usr/local/texlive/2025/texmf-dist/tex/latex/latexconfig/epstopdf-sys.cfg
File: epstopdf-sys.cfg 2010/07/13 v1.3 Configuration of (r)epstopdf for TeX Liv
e
))
*geometry* detected driver: pdftex
*geometry* verbose mode - [ preamble ] result:
* driver: pdftex
* paper: a4paper
* layout: <same size as paper>
* layoutoffset:(h,v)=(0.0pt,0.0pt)
* modes: twoside 
* h-part:(L,W,R)=(79.49744pt, 438.513pt, 79.49744pt)
* v-part:(T,H,B)=(79.49744pt, 686.05197pt, 79.49744pt)
* \paperwidth=597.50787pt
* \paperheight=845.04684pt
* \textwidth=438.513pt
* \textheight=686.05197pt
* \oddsidemargin=7.22745pt
* \evensidemargin=7.22745pt
* \topmargin=-24.64635pt
* \headheight=13.5pt
* \headsep=19.8738pt
* \topskip=12.0pt
* \footskip=30.0pt
* \marginparwidth=88.0pt
* \marginparsep=7.0pt
* \columnsep=10.0pt
* \skip\footins=10.8pt plus 4.0pt minus 2.0pt
* \hoffset=0.0pt
* \voffset=0.0pt
* \mag=1000
* \@twocolumnfalse
* \@twosidetrue
* \@mparswitchtrue
* \@reversemarginfalse
* (1in=72.27pt=25.4mm, 1cm=28.453pt)

Package caption Info: Begin \AtBeginDocument code.
Package caption Info: hyperref package is loaded.
Package caption Info: listings package is loaded.
Package caption Info: End \AtBeginDocument code.
(/usr/local/texlive/2025/texmf-dist/tex/latex/graphics/color.sty
Package: color 2024/06/23 v1.3e Standard LaTeX Color (DPC)

(/usr/local/texlive/2025/texmf-dist/tex/latex/graphics-cfg/color.cfg
File: color.cfg 2016/01/02 v1.6 sample color configuration
)
Package color Info: Driver file: pdftex.def on input line 149.

(/usr/local/texlive/2025/texmf-dist/tex/latex/graphics/mathcolor.ltx))
Package hyperref Info: Link coloring ON on input line 65.

(./main.out) (./main.out)
\@outlinefile=\write3
\openout3 = `main.out'.

\c@lstlisting=\count319
LaTeX Font Info:    Trying to load font information for OML+plm on input line 6
9.

(/usr/local/texlive/2025/texmf-dist/tex/latex/polski/omlplm.fd
File: omlplm.fd 2008/02/24 v1.2.1 Font defs for fonts PL (MW)
)
LaTeX Font Info:    Trying to load font information for OMS+plsy on input line 
69.

(/usr/local/texlive/2025/texmf-dist/tex/latex/polski/omsplsy.fd
File: omsplsy.fd 2008/02/24 v1.2.1 Font defs for fonts PL (MW)
)
LaTeX Font Info:    Trying to load font information for OMX+plex on input line 
69.

(/usr/local/texlive/2025/texmf-dist/tex/latex/polski/omxplex.fd
File: omxplex.fd 2008/02/24 v1.2.1 Font defs for fonts PL (MW)
)
LaTeX Font Info:    External font `plex10' loaded for size
(Font)              <12> on input line 69.
LaTeX Font Info:    External font `plex10' loaded for size
(Font)              <8> on input line 69.
LaTeX Font Info:    External font `plex10' loaded for size
(Font)              <6> on input line 69.
LaTeX Font Info:    Trying to load font information for U+msa on input line 69.


(/usr/local/texlive/2025/texmf-dist/tex/latex/amsfonts/umsa.fd
File: umsa.fd 2013/01/14 v3.01 AMS symbols A
)
LaTeX Font Info:    Trying to load font information for U+msb on input line 69.


(/usr/local/texlive/2025/texmf-dist/tex/latex/amsfonts/umsb.fd
File: umsb.fd 2013/01/14 v3.01 AMS symbols B
)
<LogoUMCS.jpg, id=108, 284.7438pt x 100.2144pt>
File: LogoUMCS.jpg Graphic file (type jpg)
<use LogoUMCS.jpg>
Package pdftex.def Info: LogoUMCS.jpg  used on input line 71.
(pdftex.def)             Requested size: 227.62204pt x 80.11197pt.

! Missing } inserted.
<inserted text> 
                }
l.92 &
       {\large \sf a multi-layer Rest API in Spring Boot}\\
I've put in what seems to be necessary to fix
the current column of the current alignment.
Try to go on, since this might almost work.

! Missing } inserted.
<inserted text> 
                }
l.94 &
       {\large \sf weather data management system\\
I've put in what seems to be necessary to fix
the current column of the current alignment.
Try to go on, since this might almost work.

! Missing } inserted.
<inserted text> 
                }
l.95 &
       \\
I've put in what seems to be necessary to fix
the current column of the current alignment.
Try to go on, since this might almost work.


Overfull \hbox (24.2842pt too wide) in paragraph at lines 69--107
[][] 
 []


Underfull \vbox (badness 10000) has occurred while \output is active []



[1


]
Overfull \vbox (25.66928pt too high) has occurred while \output is active []



[2{/usr/local/texlive/2025/texmf-var/fonts/map/pdftex/updmap/pdftex.map}{/usr/l
ocal/texlive/2025/texmf-dist/fonts/enc/dvips/cm-super/cm-super-t1.enc} <./LogoU
MCS.jpg>] (./main.toc

[3

])
\tf@toc=\write4
\openout4 = `main.toc'.



[4]

[5

]
Rozdzia\PlPrIeC {\l } 1.


[6

{/usr/local/texlive/2025/texmf-dist/fonts/enc/dvips/cm-super/cm-super-ts1.enc}]


[7]

[8]

[9]
<Climatly-modules.pdf, id=199, 1317.45201pt x 279.75516pt>
File: Climatly-modules.pdf Graphic file (type pdf)
<use Climatly-modules.pdf>
Package pdftex.def Info: Climatly-modules.pdf  used on input line 202.
(pdftex.def)             Requested size: 438.513pt x 93.11345pt.


[10 <./Climatly-modules.pdf>]
Rozdzia\PlPrIeC {\l } 2.


[11

]

[12]
Underfull \vbox (badness 10000) has occurred while \output is active []



[13]

LaTeX Warning: Citation `bib:snyk2020' on page 14 undefined on input line 259.



[14] (/usr/local/texlive/2025/texmf-dist/tex/latex/listings/lstlang1.sty
File: lstlang1.sty 2024/09/23 1.10c listings language file
)
Overfull \hbox (71.66736pt too wide) in paragraph at lines 284--285
[][][][][][][][][][][][][][][][][][][][][][][][][][][] 
 []

Package hyperref Info: bookmark level for unknown lstfloat defaults to 0 on inp
ut line 289.


[15]
Underfull \vbox (badness 7777) has occurred while \output is active []



[16]

[17]

[18] (/usr/local/texlive/2025/texmf-dist/tex/latex/listings/lstlang1.sty
File: lstlang1.sty 2024/09/23 1.10c listings language file
)
(/usr/local/texlive/2025/texmf-dist/tex/latex/listings/lstlang2.sty
File: lstlang2.sty 2024/09/23 1.10c listings language file
)
(/usr/local/texlive/2025/texmf-dist/tex/latex/listings/lstlang3.sty
File: lstlang3.sty 2024/09/23 1.10c listings language file
)

! Package Listings Error: Couldn't load requested language.

See the Listings package documentation for explanation.
Type  H <return>  for immediate help.
 ...                                              
                                                  
l.385 \begin{lstlisting}[language=yaml]
                                       
The following languages weren't loadable:
    ,yaml$
This may cause errors in the sequel.


! Package Listings Error: language yaml undefined.

See the Listings package documentation for explanation.
Type  H <return>  for immediate help.
 ...                                              
                                                  
l.385 \begin{lstlisting}[language=yaml]
                                       
The language is not loadable. Try typing  <return>  to proceed.
If that doesn't work, type  X <return>  to quit.



[19]

[20]

[21] (/usr/local/texlive/2025/texmf-dist/tex/latex/listings/lstlang1.sty
File: lstlang1.sty 2024/09/23 1.10c listings language file
)
(/usr/local/texlive/2025/texmf-dist/tex/latex/listings/lstmisc.sty
File: lstmisc.sty 2024/09/23 1.10c (Carsten Heinz)
)
Overfull \hbox (115.75702pt too wide) in paragraph at lines 439--440
[][][][][][][][][][][][][][][][][][][][][][][][][][][][][][][][][][][][][][] 
 []


Underfull \vbox (badness 10000) has occurred while \output is active []



[22

]

[23]

[24] (/usr/local/texlive/2025/texmf-dist/tex/latex/listings/lstlang1.sty
File: lstlang1.sty 2024/09/23 1.10c listings language file
)
(/usr/local/texlive/2025/texmf-dist/tex/latex/listings/lstlang2.sty
File: lstlang2.sty 2024/09/23 1.10c listings language file
)
(/usr/local/texlive/2025/texmf-dist/tex/latex/listings/lstlang3.sty
File: lstlang3.sty 2024/09/23 1.10c listings language file
)

! Package Listings Error: Couldn't load requested language.

See the Listings package documentation for explanation.
Type  H <return>  for immediate help.
 ...                                              
                                                  
l.525 \begin{lstlisting}[language=yaml]
                                       
The following languages weren't loadable:
    ,yaml$
This may cause errors in the sequel.


! Package Listings Error: language yaml undefined.

See the Listings package documentation for explanation.
Type  H <return>  for immediate help.
 ...                                              
                                                  
l.525 \begin{lstlisting}[language=yaml]
                                       
The language is not loadable. Try typing  <return>  to proceed.
If that doesn't work, type  X <return>  to quit.

<swagger.png, id=417, 581.17125pt x 699.61375pt>
File: swagger.png Graphic file (type png)
<use swagger.png>
Package pdftex.def Info: swagger.png  used on input line 548.
(pdftex.def)             Requested size: 394.65901pt x 475.10123pt.

Underfull \vbox (badness 10000) has occurred while \output is active []



[25]

[26 <./swagger.png>]
Rozdzia\PlPrIeC {\l } 3.


[27

]
Overfull \hbox (65.36884pt too wide) in paragraph at lines 612--613
[][][][][][][][][][][][][][][][][][][][][][][][][][][][][] 
 []


Underfull \vbox (badness 10000) has occurred while \output is active []



[28]

[29]
Overfull \hbox (14.98065pt too wide) in paragraph at lines 646--647
[][][][][][][][][][][][][][][][][][][][][][][] 
 []


Overfull \hbox (2.3836pt too wide) in paragraph at lines 651--652
[][][][][][][][][][][][][][][][][][][][][][][][][][][][][][][][][][][][][][][][
] 
 []


Overfull \hbox (77.96588pt too wide) in paragraph at lines 656--657
[][][][][][][][][][][][][][][][][][][][][][][][][][][][][][][][][][][][][][][][
][] 
 []


Underfull \vbox (badness 10000) has occurred while \output is active []



[30]
Overfull \hbox (96.86145pt too wide) in paragraph at lines 701--702
[][][][][][][][][][][][][][][][][][][][][][][][][][][][][][][][][][][][][][][][
] 
 []


Overfull \hbox (65.36884pt too wide) in paragraph at lines 705--706
[][][][][][][][][][][][][][][][][][][][][][][][][][][][][] 
 []


Overfull \hbox (128.35406pt too wide) in paragraph at lines 706--707
[][][][][][][][][][][][][][][][][][][][][][][][][][][][][][] 
 []



[31]
Overfull \hbox (134.65259pt too wide) in paragraph at lines 730--731
[][][][][][][][][][][][][][][][][][][][][][][][][][][][][][][][][] 
 []


Overfull \hbox (65.36884pt too wide) in paragraph at lines 744--745
[][][][][][][][][][][][][][][][][][][][][][][][][][][][][][] 
 []


Overfull \hbox (77.96588pt too wide) in paragraph at lines 747--748
[][][][][][][][][][][][][][][][][][][][][][][][][][][][][][][][][][][][][][][][
][][] 
 []



[32]
Overfull \hbox (122.05554pt too wide) in paragraph at lines 750--751
[][][][][][][][][][][][][][][][][][][][][][][][][][][][][][][][][][][] 
 []


Overfull \hbox (27.5777pt too wide) in paragraph at lines 751--752
[][][][][][][][][][][][][][][][][][][][][][][][][][] 
 []


Overfull \hbox (166.1452pt too wide) in paragraph at lines 756--757
[][][][][][][][][][][][][][][][][][][][][][][][][][][][][][][][][][][][][][][][
][][][][][][][] 
 []


Overfull \hbox (109.4585pt too wide) in paragraph at lines 764--765
[][][][][][][][][][][][][][][][][][][][][][][][][][][][][][][][][][][][][][][][
][][][] 
 []


! Package caption Error: \caption outside float.

See the caption package documentation for explanation.
Type  H <return>  for immediate help.
 ...                                              
                                                  
l.776 \caption
              {Klasa Scheduler zarządzająca harmonogramem zadań cyklicznych}

If you do not understand this error, please take a closer look
at the documentation of the `caption' package, especially the
section about errors.
Try typing  <return>  to proceed.
If that doesn't work, type  X <return>  to quit.



[33]
Package hyperref Info: bookmark level for unknown lstlisting defaults to 0 on i
nput line 787.

Overfull \hbox (27.5777pt too wide) in paragraph at lines 795--796
[][][][][][][][][][][][][][][][][][][][][][][][][][][][][][][][][][][][] 
 []


Overfull \hbox (14.98065pt too wide) in paragraph at lines 797--798
[][][][][][][][][][][][][][][][][][][][][][][][][][][][][][] 
 []


Overfull \hbox (77.96588pt too wide) in paragraph at lines 799--800
[][][][][][][][][][][][][][][][][][][][][][][][][][][][][][][][][][][][][][][][
] 
 []


Overfull \hbox (59.07031pt too wide) in paragraph at lines 800--801
[][][][][][][][][][][][][][][][][][][][][][][][][][][][][][][][][][][] 
 []


Overfull \hbox (65.36884pt too wide) in paragraph at lines 801--802
[][][][][][][][][][][][][][][][][][][][][][][][][][][][][][][][][][][][][][][][
][][][][][][][][][] 
 []


Overfull \hbox (46.47327pt too wide) in paragraph at lines 802--803
[][][][][][][][][][][][][][][][][][][][][][][][][][][][][][][][][][][][][][][][
] 
 []


Overfull \hbox (59.07031pt too wide) in paragraph at lines 803--804
[][][][][][][][][][][][][][][][][][][][][][][][][][][][][][][][][][][][][][][][
][][][][][][] 
 []


Overfull \hbox (84.2644pt too wide) in paragraph at lines 810--811
[][][][][][][][][][][][][][][][][][][][][][][][][][][][][][][][][][][] 
 []


Overfull \hbox (46.47327pt too wide) in paragraph at lines 813--814
[][][][][][][][][][][][][][][][][][][][][][][][][][] 
 []



[34]
Rozdzia\PlPrIeC {\l } 4.


[35

]

[36]

[37]

[38]

[39]

[40

] (./main.lolst)
\tf@lolst=\write5
\openout5 = `main.lolst'.



[41

] (./main.lof)
\tf@lof=\write6
\openout6 = `main.lof'.



[42

]
Underfull \hbox (badness 10000) in paragraph at lines 918--919
[]\T1/cmr/m/n/12 Snyk, \T1/cmr/m/it/12 Spring do-mi-na-tes the Ja-va eco-sys-te
m with 60% using
 []


Underfull \hbox (badness 10000) in paragraph at lines 918--919
\T1/cmr/m/it/12 it for the-ir ma-in ap-pli-ca-tions\T1/cmr/m/n/12 , 2020, [][]$
\T1/cmtt/m/n/12 https : / / snyk . io / blog /
 []


Overfull \hbox (94.95119pt too wide) in paragraph at lines 918--919
\T1/cmtt/m/n/12 spring-[]dominates-[]the-[]java-[]ecosystem-[]with-[]60-[]using
-[]it-[]for-[]their-[]main-[]applications/$[][]\T1/cmr/m/n/12 ,
 []


Underfull \hbox (badness 10000) in paragraph at lines 919--920
[]\T1/cmr/m/n/12 GUVI, \T1/cmr/m/it/12 What is Plat-form In-de-pen-den-ce ^^U J
a-va & .net ^^U "wri-
 []


Underfull \hbox (badness 10000) in paragraph at lines 919--920
\T1/cmr/m/it/12 te on-ce, run any-whe-re"\T1/cmr/m/n/12 , 2023, [][]$\T1/cmtt/m
/n/12 https : / / www . guvi . in / blogs /
 []


Underfull \hbox (badness 10000) in paragraph at lines 919--920
\T1/cmtt/m/n/12 what-[]is-[]platform-[]independence-[]java-[]net-[]write-[]once
-[]run-[]anywhere/$[][]\T1/cmr/m/n/12 ,
 []



[43

] (./main.aux)
 ***********
LaTeX2e <2024-11-01> patch level 2
L3 programming layer <2025-01-18>
 ***********


LaTeX Warning: There were undefined references.


LaTeX Warning: Label(s) may have changed. Rerun to get cross-references right.

Package rerunfilecheck Info: File `main.out' has not changed.
(rerunfilecheck)             Checksum: 44C6D0F900534846A5E6E3F023602F78;6733.
 ) 
Here is how much of TeX's memory you used:
 15181 strings out of 473190
 235762 string characters out of 5715800
 856816 words of memory out of 5000000
 37813 multiletter control sequences out of 15000+600000
 580665 words of font info for 77 fonts, out of 8000000 for 9000
 1141 hyphenation exceptions out of 8191
 75i,13n,79p,1092b,2013s stack positions out of 10000i,1000n,20000p,200000b,200000s
</usr/local/texlive/2025/texmf-dist/fonts/type1/public/cm-super/sfbx1000.pfb>
</usr/local/texlive/2025/texmf-dist/fonts/type1/public/cm-super/sfbx1095.pfb></
usr/local/texlive/2025/texmf-dist/fonts/type1/public/cm-super/sfbx1200.pfb></us
r/local/texlive/2025/texmf-dist/fonts/type1/public/cm-super/sfbx1440.pfb></usr/
local/texlive/2025/texmf-dist/fonts/type1/public/cm-super/sfbx1728.pfb></usr/lo
cal/texlive/2025/texmf-dist/fonts/type1/public/cm-super/sfbx2488.pfb></usr/loca
l/texlive/2025/texmf-dist/fonts/type1/public/cm-super/sfrm0600.pfb></usr/local/
texlive/2025/texmf-dist/fonts/type1/public/cm-super/sfrm1000.pfb></usr/local/te
xlive/2025/texmf-dist/fonts/type1/public/cm-super/sfrm1095.pfb></usr/local/texl
ive/2025/texmf-dist/fonts/type1/public/cm-super/sfrm1200.pfb></usr/local/texliv
e/2025/texmf-dist/fonts/type1/public/cm-super/sfss1200.pfb></usr/local/texlive/
2025/texmf-dist/fonts/type1/public/cm-super/sfss1440.pfb></usr/local/texlive/20
25/texmf-dist/fonts/type1/public/cm-super/sfss1728.pfb></usr/local/texlive/2025
/texmf-dist/fonts/type1/public/cm-super/sfsx1200.pfb></usr/local/texlive/2025/t
exmf-dist/fonts/type1/public/cm-super/sfsx1440.pfb></usr/local/texlive/2025/tex
mf-dist/fonts/type1/public/cm-super/sfsx1728.pfb></usr/local/texlive/2025/texmf
-dist/fonts/type1/public/cm-super/sfti1200.pfb></usr/local/texlive/2025/texmf-d
ist/fonts/type1/public/cm-super/sftt1000.pfb></usr/local/texlive/2025/texmf-dis
t/fonts/type1/public/cm-super/sftt1095.pfb></usr/local/texlive/2025/texmf-dist/
fonts/type1/public/cm-super/sftt1200.pfb>
Output written on main.pdf (43 pages, 724341 bytes).
PDF statistics:
 882 PDF objects out of 1000 (max. 8388607)
 783 compressed objects within 8 object streams
 391 named destinations out of 1000 (max. 500000)
 224 words of extra memory for PDF output out of 10000 (max. 10000000)

